<?xml version="1.0" encoding="UTF-8"?>
<!-- Generated by org.testng.reporters.JUnitReportReporter -->
<testsuite hostname="KDC1-L-CXJ1NW2" failures="0" tests="1" name="SerializationANDDeserialization.SerializationAndDeserialization" time="0.326" errors="0" timestamp="2023-02-13T20:00:09 IST" skipped="0">
  <testcase classname="SerializationANDDeserialization.SerializationAndDeserialization" name="convertJsonToPojo" time="0.326"/>
  <system-out/>
</testsuite> <!-- SerializationANDDeserialization.SerializationAndDeserialization -->
