<?xml version="1.0" encoding="UTF-8"?>
<!-- Generated by org.testng.reporters.JUnitReportReporter -->
<testsuite hostname="KDC1-L-CXJ1NW2" failures="0" tests="1" name="path_QueryTesting.PathAndQueryParameters" time="2.403" errors="0" timestamp="2023-01-31T19:56:59 IST" skipped="0">
  <testcase classname="path_QueryTesting.PathAndQueryParameters" name="testQuery_Parameter" time="2.403"/>
  <system-out/>
</testsuite> <!-- path_QueryTesting.PathAndQueryParameters -->
