<?xml version="1.0" encoding="UTF-8"?>
<!-- Generated by org.testng.reporters.JUnitReportReporter -->
<testsuite hostname="KDC1-L-CXJ1NW2" failures="0" tests="4" name="CRUD_Operations.HttpMethodsTest" time="5.653" errors="0" timestamp="2023-02-20T23:01:35 IST" skipped="0">
  <testcase classname="CRUD_Operations.HttpMethodsTest" name="fetchData" time="3.231"/>
  <system-out/>
  <testcase classname="CRUD_Operations.HttpMethodsTest" name="createUser" time="0.979"/>
  <system-out/>
  <testcase classname="CRUD_Operations.HttpMethodsTest" name="updateData" time="0.824"/>
  <system-out/>
  <testcase classname="CRUD_Operations.HttpMethodsTest" name="deleteData" time="0.619"/>
  <system-out/>
</testsuite> <!-- CRUD_Operations.HttpMethodsTest -->
